<?xml version="1.0" encoding="UTF-8"?>
<!-- Generated by org.testng.reporters.JUnitReportReporter -->
<testsuite hostname="DESKTOP-96NUCQ1" failures="0" tests="4" name="com.stepDef.CucumberRunnerTests" time="39.512" errors="0" timestamp="2023-07-17T17:54:50 IST" skipped="0">
  <testcase classname="com.stepDef.CucumberRunnerTests" name="runScenario" time="9.333"/>
  <system-out/>
  <testcase classname="com.stepDef.CucumberRunnerTests" name="runScenario" time="10.138"/>
  <system-out/>
  <testcase classname="com.stepDef.CucumberRunnerTests" name="runScenario" time="13.373"/>
  <system-out/>
  <testcase classname="com.stepDef.CucumberRunnerTests" name="runScenario" time="6.668"/>
  <system-out/>
</testsuite> <!-- com.stepDef.CucumberRunnerTests -->
