<?xml version="1.0" encoding="UTF-8"?>
<!-- Generated by org.testng.reporters.JUnitReportReporter -->
<testsuite hostname="DESKTOP-96NUCQ1" failures="0" tests="4" name="com.stepDef.CucumberRunnerTests" time="30.200" errors="0" timestamp="2023-07-17T17:52:47 IST" skipped="0">
  <testcase classname="com.stepDef.CucumberRunnerTests" name="runScenario" time="6.462"/>
  <system-out/>
  <testcase classname="com.stepDef.CucumberRunnerTests" name="runScenario" time="10.486"/>
  <system-out/>
  <testcase classname="com.stepDef.CucumberRunnerTests" name="runScenario" time="6.398"/>
  <system-out/>
  <testcase classname="com.stepDef.CucumberRunnerTests" name="runScenario" time="6.854"/>
  <system-out/>
</testsuite> <!-- com.stepDef.CucumberRunnerTests -->
